[debug] [2020-06-26T10:59:37.570Z] ----------------------------------------------------------------------
[debug] [2020-06-26T10:59:37.572Z] Command:       C:\Program Files\nodejs\node.exe C:\Users\daria.farina\AppData\Roaming\npm\node_modules\firebase-tools\lib\bin\firebase.js init
[debug] [2020-06-26T10:59:37.572Z] CLI Version:   7.13.1
[debug] [2020-06-26T10:59:37.572Z] Platform:      win32
[debug] [2020-06-26T10:59:37.572Z] Node Version:  v12.13.0
[debug] [2020-06-26T10:59:37.573Z] Time:          Fri Jun 26 2020 13:59:37 GMT+0300 (Eastern European Summer Time)
[debug] [2020-06-26T10:59:37.573Z] ----------------------------------------------------------------------
[debug] [2020-06-26T10:59:37.573Z] 
[debug] [2020-06-26T10:59:37.578Z] > command requires scopes: ["email","openid","https://www.googleapis.com/auth/cloudplatformprojects.readonly","https://www.googleapis.com/auth/firebase","https://www.googleapis.com/auth/cloud-platform"]
[debug] [2020-06-26T10:59:37.579Z] > authorizing via signed-in user
[info] 
     ######## #### ########  ######## ########     ###     ######  ########
     ##        ##  ##     ## ##       ##     ##  ##   ##  ##       ##
     ######    ##  ########  ######   ########  #########  ######  ######
     ##        ##  ##    ##  ##       ##     ## ##     ##       ## ##
     ##       #### ##     ## ######## ########  ##     ##  ######  ########

You're about to initialize a Firebase project in this directory:

  F:\angular\track

[info] 
=== Project Setup
[info] 
[info] First, let's associate this project directory with a Firebase project.
[info] You can create multiple project aliases by running firebase use --add, 
[info] but for now we'll just set up a default project.
[info] 
[debug] [2020-06-26T10:59:58.523Z] > refreshing access token with scopes: ["email","https://www.googleapis.com/auth/cloud-platform","https://www.googleapis.com/auth/cloudplatformprojects.readonly","https://www.googleapis.com/auth/firebase","openid"]
[debug] [2020-06-26T10:59:58.523Z] >>> HTTP REQUEST POST https://www.googleapis.com/oauth2/v3/token  
 <request body omitted>
[debug] [2020-06-26T10:59:58.844Z] <<< HTTP RESPONSE 200
[debug] [2020-06-26T10:59:58.854Z] >>> HTTP REQUEST GET https://firebase.googleapis.com/v1beta1/projects?pageSize=100  
 
[debug] [2020-06-26T10:59:59.240Z] <<< HTTP RESPONSE 200
[info] i  Using project tracks-a61b6 (tracks)
[info] 
=== Database Setup
[info] 
[info] Firebase Realtime Database Rules allow you to define how your data should be
[info] structured and when your data can be read from and written to.
[info] 
[debug] [2020-06-26T11:01:18.182Z] ----------------------------------------------------------------------
[debug] [2020-06-26T11:01:18.185Z] Command:       C:\Program Files\nodejs\node.exe C:\Users\daria.farina\AppData\Roaming\npm\node_modules\firebase-tools\lib\bin\firebase.js init
[debug] [2020-06-26T11:01:18.185Z] CLI Version:   7.13.1
[debug] [2020-06-26T11:01:18.185Z] Platform:      win32
[debug] [2020-06-26T11:01:18.185Z] Node Version:  v12.13.0
[debug] [2020-06-26T11:01:18.186Z] Time:          Fri Jun 26 2020 14:01:18 GMT+0300 (Eastern European Summer Time)
[debug] [2020-06-26T11:01:18.186Z] ----------------------------------------------------------------------
[debug] [2020-06-26T11:01:18.186Z] 
[debug] [2020-06-26T11:01:18.191Z] > command requires scopes: ["email","openid","https://www.googleapis.com/auth/cloudplatformprojects.readonly","https://www.googleapis.com/auth/firebase","https://www.googleapis.com/auth/cloud-platform"]
[debug] [2020-06-26T11:01:18.192Z] > authorizing via signed-in user
[info] 
     ######## #### ########  ######## ########     ###     ######  ########
     ##        ##  ##     ## ##       ##     ##  ##   ##  ##       ##
     ######    ##  ########  ######   ########  #########  ######  ######
     ##        ##  ##    ##  ##       ##     ## ##     ##       ## ##
     ##       #### ##     ## ######## ########  ##     ##  ######  ########

You're about to initialize a Firebase project in this directory:

  F:\angular\track

[info] 
=== Project Setup
[info] 
[info] First, let's associate this project directory with a Firebase project.
[info] You can create multiple project aliases by running firebase use --add, 
[info] but for now we'll just set up a default project.
[info] 
[debug] [2020-06-26T11:01:55.738Z] >>> HTTP REQUEST GET https://firebase.googleapis.com/v1beta1/projects?pageSize=100  
 
[debug] [2020-06-26T11:01:56.004Z] <<< HTTP RESPONSE 200
[info] i  Using project tracks-a61b6 (tracks)
[info] 
=== Hosting Setup
[info] 
[info] Your public directory is the folder (relative to your project directory) that
[info] will contain Hosting assets to be uploaded with firebase deploy. If you
[info] have a build process for your assets, use your build's output directory.
[info] 
